number,value,datetime_start,datetime_complete,duration,params_colsample_bytree,params_learning_rate,params_max_depth,params_min_child_samples,params_n_estimators,params_num_leaves,params_reg_alpha,params_reg_lambda,params_subsample,state
0,0.6841788409846884,2025-06-21 21:26:35.723732,2025-06-21 21:26:35.934336,0 days 00:00:00.210604,0.6118018711163624,0.055602848687773695,3,26,106,98,0.9952918870860407,0.7342927171379425,0.500289946048572,COMPLETE
1,0.5946630198930126,2025-06-21 21:26:35.935339,2025-06-21 21:26:39.914957,0 days 00:00:03.979618,0.7887269540883721,0.005128500644067321,15,38,764,121,0.06556180157471314,0.6075417368781062,0.6072548368353292,COMPLETE
2,0.6611097885209699,2025-06-21 21:26:39.915946,2025-06-21 21:26:41.734294,0 days 00:00:01.818348,0.7542442019627784,0.00728343054891556,16,26,327,95,0.6552052936652161,0.7579245501022629,0.6560738816070437,COMPLETE
3,0.5786400484249624,2025-06-21 21:26:41.735295,2025-06-21 21:26:44.928770,0 days 00:00:03.193475,0.9432388428820402,0.009986699677919689,13,32,579,84,0.4461359830655418,0.3578876533942008,0.8599775918635926,COMPLETE
4,0.5332779931381084,2025-06-21 21:26:44.929774,2025-06-21 21:26:47.512558,0 days 00:00:02.582784,0.8979186018483982,0.02729582982689186,8,24,507,210,0.029643670289921764,0.49893872325904587,0.7885125144494249,COMPLETE
5,0.5434948117879991,2025-06-21 21:26:47.513769,2025-06-21 21:26:48.821946,0 days 00:00:01.308177,0.7734136897041739,0.051066675731010897,7,7,322,251,0.7359170235651641,0.1965597315163985,0.7513476872067728,COMPLETE
6,0.627833172479175,2025-06-21 21:26:48.822946,2025-06-21 21:26:51.727561,0 days 00:00:02.904615,0.9302263136952238,0.005152791091619658,14,23,863,34,0.09097788157477749,0.5174762157190105,0.8866886736295172,COMPLETE
7,0.5258671141453861,2025-06-21 21:26:51.728562,2025-06-21 21:26:54.245303,0 days 00:00:02.516741,0.858846629126045,0.032632854390868854,14,36,776,73,0.4355388315501951,0.7824059641198,0.5869829501924527,COMPLETE
8,0.6582181566130506,2025-06-21 21:26:54.247300,2025-06-21 21:26:56.589871,0 days 00:00:02.342571,0.7085016639616681,0.007151360746003134,12,35,285,192,0.5311089987781502,0.03000375107090114,0.623357918043006,COMPLETE
9,0.6106686835202423,2025-06-21 21:26:56.591028,2025-06-21 21:26:58.566576,0 days 00:00:01.975548,0.5788859825274728,0.009765179173082105,12,22,654,34,0.26960908300707664,0.49549981448835145,0.860403331638211,COMPLETE
10,0.30953557058430636,2025-06-21 21:26:58.568573,2025-06-21 21:27:03.525909,0 days 00:00:04.957336,0.8327394930906671,0.1708426079378408,10,49,987,174,0.29724557413507346,0.95738743130969,0.9909155905269207,COMPLETE
11,0.32586660425928526,2025-06-21 21:27:03.527908,2025-06-21 21:27:07.972932,0 days 00:00:04.445024,0.8469720804205346,0.18276622530542902,9,50,949,159,0.31107152072573313,0.9675607703871666,0.9862476970944676,COMPLETE
12,0.30319493646506246,2025-06-21 21:27:07.973935,2025-06-21 21:27:12.979169,0 days 00:00:05.005234,0.8265883558402581,0.19997694266475094,10,50,998,173,0.24682951789393315,0.9827621720930311,0.996995372370825,COMPLETE
13,0.43792150376850325,2025-06-21 21:27:12.980168,2025-06-21 21:27:15.565739,0 days 00:00:02.585571,0.9883224027216476,0.18595529096397143,6,50,970,165,0.260546370044508,0.992452094238738,0.9950498379103979,COMPLETE
14,0.34283383147645774,2025-06-21 21:27:15.566733,2025-06-21 21:27:20.913301,0 days 00:00:05.346568,0.7032952059986053,0.10215524037395723,10,43,991,211,0.3127603320564756,0.8861129356023827,0.9319752543467318,COMPLETE
15,0.3908893789022271,2025-06-21 21:27:20.914298,2025-06-21 21:27:24.267359,0 days 00:00:03.353061,0.5086167880427809,0.10264004217078466,10,44,815,151,0.1687442118790603,0.8633513287214578,0.9273617266944552,COMPLETE
16,0.5225453962705711,2025-06-21 21:27:24.268353,2025-06-21 21:27:25.738211,0 days 00:00:01.469858,0.8309688913912876,0.13094098994229722,5,13,685,254,0.5665247501848161,0.6627709903509909,0.8080532476461466,COMPLETE
17,0.3991203446466971,2025-06-21 21:27:25.739210,2025-06-21 21:27:30.510438,0 days 00:00:04.771228,0.6759945838769708,0.060585059437873186,11,44,891,189,0.16185392171911403,0.8690712184695192,0.9381084933784072,COMPLETE
18,0.5606858023123507,2025-06-21 21:27:30.511442,2025-06-21 21:27:32.889738,0 days 00:00:02.378296,0.809639685265401,0.01730581849080853,8,17,474,128,0.40828354968370917,0.9849775033290507,0.9945487090318567,COMPLETE
19,0.5456812853539252,2025-06-21 21:27:32.889738,2025-06-21 21:27:34.418226,0 days 00:00:01.528488,0.8813170759492414,0.08598921977426092,5,42,697,227,0.7858569247869311,0.6636696960317716,0.6981311323087107,COMPLETE
20,0.31746333184075204,2025-06-21 21:27:34.419223,2025-06-21 21:27:39.177417,0 days 00:00:04.758194,0.9885455950156958,0.13991092653408355,11,49,907,179,0.17563013514812367,0.31269450711687163,0.8056022189107767,COMPLETE
21,0.31507323504165996,2025-06-21 21:27:39.178419,2025-06-21 21:27:43.912065,0 days 00:00:04.733646,0.9894958509797012,0.14469996191332363,11,50,903,179,0.14755028521070546,0.31408267725760197,0.8963658915409676,COMPLETE
22,0.34128462047159225,2025-06-21 21:27:43.912065,2025-06-21 21:27:48.078552,0 days 00:00:04.166487,0.9324502669456034,0.1435545325208565,9,46,871,173,0.35021370945679364,0.2068926184132116,0.9443833586526756,COMPLETE
23,0.30495371503436974,2025-06-21 21:27:48.079559,2025-06-21 21:27:52.473415,0 days 00:00:04.393856,0.9009072633317718,0.19786229707660946,11,40,989,142,0.22688324797932125,0.3639424765786116,0.8941055083074732,COMPLETE
24,0.3818983401590952,2025-06-21 21:27:52.474415,2025-06-21 21:27:56.719917,0 days 00:00:04.245502,0.8828772237550485,0.07793387784892862,12,40,990,142,0.22145802707070272,0.368117150836261,0.9618953107597686,COMPLETE
25,0.3540305597004614,2025-06-21 21:27:56.719917,2025-06-21 21:27:59.983841,0 days 00:00:03.263924,0.8111948117091952,0.19716320011428173,8,33,817,123,0.3715764380496663,0.9009681012315035,0.8888246562326154,COMPLETE
26,0.3795939759385334,2025-06-21 21:27:59.984840,2025-06-21 21:28:03.134100,0 days 00:00:03.149260,0.7347788588526969,0.11514086957130396,10,30,739,143,0.25626420992726934,0.00942432427344253,0.8381130805637524,COMPLETE
27,0.4546037800350571,2025-06-21 21:28:03.135100,2025-06-21 21:28:06.932676,0 days 00:00:03.797576,0.9105091477616004,0.04058280206307003,13,47,600,204,0.49119888983727555,0.4438377145561901,0.9666381914357531,COMPLETE
28,0.39549270528407465,2025-06-21 21:28:06.933678,2025-06-21 21:28:12.014538,0 days 00:00:05.080860,0.8504029189072239,0.06935236934130536,9,40,998,232,0.10472752353740264,0.18059180162694266,0.9103627794998757,COMPLETE
29,0.6220221821263676,2025-06-21 21:28:12.014538,2025-06-21 21:28:13.485193,0 days 00:00:01.470655,0.6500676919952478,0.020451011859979922,3,46,933,114,0.21406851777544061,0.8039297749227752,0.5575454299482386,COMPLETE
30,0.5367240758343468,2025-06-21 21:28:13.487189,2025-06-21 21:28:14.197833,0 days 00:00:00.710644,0.9526667399678608,0.16186668631457374,7,29,171,65,0.31309848578214877,0.6755436951778346,0.5019336827610845,COMPLETE
31,0.3186190328199572,2025-06-21 21:28:14.198835,2025-06-21 21:28:18.732590,0 days 00:00:04.533755,0.9506821306250522,0.1499357105216368,11,47,853,183,0.9101704647317017,0.28302882011429226,0.90248540187589,COMPLETE
32,0.2991294730863807,2025-06-21 21:28:18.733590,2025-06-21 21:28:23.088136,0 days 00:00:04.354546,0.9975797161412816,0.19963592116611723,11,40,928,159,0.12521376506330711,0.5784403262722868,0.9665884997760822,COMPLETE
33,0.4002967597256747,2025-06-21 21:28:23.089135,2025-06-21 21:28:26.409599,0 days 00:00:03.320464,0.7869123229489585,0.09645030813614065,10,38,948,105,0.00021067285108811173,0.5906837684204576,0.9634390559367403,COMPLETE
34,0.36629608097820265,2025-06-21 21:28:26.410599,2025-06-21 21:28:29.714267,0 days 00:00:03.303668,0.8771273670963629,0.11871788431783027,13,41,809,134,0.08505640464438564,0.9317730707882196,0.9948780756489398,COMPLETE
35,0.31296034146389484,2025-06-21 21:28:29.715341,2025-06-21 21:28:33.822327,0 days 00:00:04.106986,0.812945962812009,0.16306501244540433,12,37,933,157,0.6072004987105942,0.8282713013229089,0.8619847752676945,COMPLETE
36,0.40390927018074874,2025-06-21 21:28:33.822327,2025-06-21 21:28:35.911789,0 days 00:00:02.089462,0.7514550958645139,0.1201387381570127,14,33,440,166,0.05385760436207554,0.7193507404103947,0.9618744007299709,COMPLETE
37,0.2830009157812361,2025-06-21 21:28:35.912788,2025-06-21 21:28:41.363680,0 days 00:00:05.450892,0.9667708314628507,0.198093815501487,16,45,1000,198,0.12303232784343043,0.5857140324078693,0.7510775636368076,COMPLETE
38,0.29232948023878236,2025-06-21 21:28:41.364679,2025-06-21 21:28:45.485155,0 days 00:00:04.120476,0.97263886002504,0.1996445933390009,16,40,747,201,0.11859112237998828,0.548590040014582,0.693341630807748,COMPLETE
39,0.35672672040951503,2025-06-21 21:28:45.486156,2025-06-21 21:28:49.738303,0 days 00:00:04.252147,0.9646720021084653,0.08586286770889716,16,45,756,200,0.10649900522975311,0.5777959078057471,0.6845315949957613,COMPLETE
40,0.3901948113934608,2025-06-21 21:28:49.739302,2025-06-21 21:28:55.153494,0 days 00:00:05.414192,0.9227889734234032,0.04682130729869851,15,4,856,218,0.02364247812798577,0.44252940594344525,0.7516697322498306,COMPLETE
41,0.2791277442247875,2025-06-21 21:28:55.154495,2025-06-21 21:29:00.848983,0 days 00:00:05.694488,0.969403128485087,0.1890048907732125,15,40,916,238,0.11712458106933787,0.5312346577130421,0.7039716206345167,COMPLETE
42,0.2822104648434016,2025-06-21 21:29:00.849982,2025-06-21 21:29:06.483805,0 days 00:00:05.633823,0.9702133431777018,0.15955995314086818,16,35,912,241,0.1236397174697983,0.525732778219842,0.7190260526238305,COMPLETE
43,0.29944178253872056,2025-06-21 21:29:06.484805,2025-06-21 21:29:11.541205,0 days 00:00:05.056400,0.9684679242798941,0.12762007442934842,15,35,803,244,0.13481615947029318,0.5628427195461323,0.7195460552616832,COMPLETE
44,0.2979605131839498,2025-06-21 21:29:11.542206,2025-06-21 21:29:16.062015,0 days 00:00:04.519809,0.9981602025115986,0.16380862990439612,16,38,722,240,0.08831980548804527,0.5245982748557997,0.6475719498099907,COMPLETE
45,0.3124966061516171,2025-06-21 21:29:16.063266,2025-06-21 21:29:19.899389,0 days 00:00:03.836123,0.969825120629204,0.16215032003606603,16,38,597,240,0.06146909969596754,0.5224901094149285,0.6450202303481696,COMPLETE
46,0.33220678429887496,2025-06-21 21:29:19.900388,2025-06-21 21:29:24.171287,0 days 00:00:04.270899,0.9381853959270646,0.10807926691822105,16,34,722,222,0.1981600534050505,0.45198194182972584,0.7310899602465118,COMPLETE
47,0.3183316379593579,2025-06-21 21:29:24.172277,2025-06-21 21:29:27.519818,0 days 00:00:03.347541,0.9994620518221412,0.15930007709453997,15,30,533,237,0.03894964675746963,0.6334330078017385,0.671282297517481,COMPLETE
48,0.36999081458746486,2025-06-21 21:29:27.521820,2025-06-21 21:29:31.949814,0 days 00:00:04.427994,0.9148745374716788,0.06636663543053352,14,27,662,250,0.06581607687529048,0.5214180108697861,0.7574308990438622,COMPLETE
49,0.35959336611393256,2025-06-21 21:29:31.950811,2025-06-21 21:29:35.739396,0 days 00:00:03.788585,0.9697907759973817,0.09213073989323951,16,37,636,217,0.005797277609446538,0.7386174498162867,0.628490016332103,COMPLETE
50,0.5044014375973337,2025-06-21 21:29:35.739396,2025-06-21 21:29:41.203754,0 days 00:00:05.464358,0.9467453216440572,0.015189755947337577,15,43,778,208,0.18796407317905134,0.40885186138156854,0.774666628983489,COMPLETE
51,0.2947018921894661,2025-06-21 21:29:41.204739,2025-06-21 21:29:45.663239,0 days 00:00:04.458500,0.9962487573883414,0.18042481971106808,16,40,839,195,0.12192416656827737,0.5506379516697729,0.7053590640495211,COMPLETE
52,0.29435219035815674,2025-06-21 21:29:45.664237,2025-06-21 21:29:50.114348,0 days 00:00:04.450111,0.9719552296482641,0.17624424318304205,16,38,837,192,0.12505999342521987,0.48811647747569464,0.7061228272493817,COMPLETE
53,0.3137076007931239,2025-06-21 21:29:50.114348,2025-06-21 21:29:54.568554,0 days 00:00:04.454206,0.9719748914596613,0.13354684862580196,15,42,834,194,0.14774105183002045,0.6225566585996022,0.724557667645915,COMPLETE
54,0.29165267865767674,2025-06-21 21:29:54.569554,2025-06-21 21:29:59.331056,0 days 00:00:04.761502,0.9281959829938317,0.17524596588735752,14,36,893,200,0.12648181778525916,0.4745365851440766,0.7013727929774353,COMPLETE
55,0.284508158152573,2025-06-21 21:29:59.332060,2025-06-21 21:30:04.604673,0 days 00:00:05.272613,0.9422173300946898,0.17508287664892427,14,31,885,227,0.28663396246745176,0.46793968966761074,0.6708623477574429,COMPLETE
56,0.29373035312432116,2025-06-21 21:30:04.605673,2025-06-21 21:30:09.865747,0 days 00:00:05.260074,0.9358276692508485,0.13594873284911949,14,25,888,225,0.2948768337128558,0.4764081084879949,0.6734600888826127,COMPLETE
57,0.4211330363791852,2025-06-21 21:30:09.866747,2025-06-21 21:30:16.854651,0 days 00:00:06.987904,0.8947918214841218,0.027798937868672463,14,31,958,256,0.19664577951036435,0.6988296398770328,0.594190672287948,COMPLETE
58,0.2888708200948864,2025-06-21 21:30:16.855652,2025-06-21 21:30:22.152758,0 days 00:00:05.297106,0.9179106530765113,0.14723156985801863,13,21,908,231,0.3676411365289272,0.39799669005241967,0.7739988221949379,COMPLETE
59,0.3077313104738577,2025-06-21 21:30:22.153767,2025-06-21 21:30:27.458827,0 days 00:00:05.305060,0.8718763308822179,0.10628634035823963,13,17,903,230,0.4566446149154276,0.4023942921111709,0.7777795097880275,COMPLETE
60,0.29452563167300616,2025-06-21 21:30:27.459827,2025-06-21 21:30:32.436603,0 days 00:00:04.976776,0.9164518558584666,0.1490125095014234,13,23,880,211,0.3574416028381253,0.3986279788393283,0.8151575732328615,COMPLETE
61,0.2705371075513838,2025-06-21 21:30:32.437604,2025-06-21 21:30:38.444232,0 days 00:00:06.006628,0.9486980055867814,0.185042842844623,15,17,964,246,0.39527052073079916,0.6152069011983974,0.7350196380486456,COMPLETE
62,0.2729970385290251,2025-06-21 21:30:38.445233,2025-06-21 21:30:44.412020,0 days 00:00:05.966787,0.9477937315206987,0.17187465258495793,15,20,961,244,0.48987918654742996,0.4731213650958015,0.736036859928286,COMPLETE
63,0.2846185384010159,2025-06-21 21:30:44.413144,2025-06-21 21:30:50.439207,0 days 00:00:06.026063,0.9501466046548844,0.12759182016819223,15,19,964,249,0.4001660758272926,0.6177588858708647,0.7424028150732647,COMPLETE
64,0.28368499702563965,2025-06-21 21:30:50.440248,2025-06-21 21:30:56.415870,0 days 00:00:05.975622,0.9523543708367916,0.12568850765816325,15,13,966,246,0.4127973922335957,0.639363723226749,0.7359775182991449,COMPLETE
65,0.27374002087314175,2025-06-21 21:30:56.416850,2025-06-21 21:31:02.306461,0 days 00:00:05.889611,0.8972460615326068,0.1768758584057137,15,13,964,248,0.49684614623257684,0.6495845381500229,0.7393518237664009,COMPLETE
66,0.2899335233154843,2025-06-21 21:31:02.307469,2025-06-21 21:31:08.364450,0 days 00:00:06.056981,0.9025166860683056,0.11025224815605135,15,10,960,245,0.5146682632892379,0.6480327201174472,0.7974046617381997,COMPLETE
67,0.3124107909160758,2025-06-21 21:31:08.364450,2025-06-21 21:31:14.804322,0 days 00:00:06.439872,0.8937980963020908,0.07806073262788583,15,13,1000,256,0.5691417505665656,0.7634452451652992,0.7384875484706136,COMPLETE
68,0.290805630972532,2025-06-21 21:31:14.805322,2025-06-21 21:31:19.879195,0 days 00:00:05.073873,0.5712118340141061,0.14255435615483697,15,13,928,236,0.717895355866907,0.6834046436749852,0.7593868528032818,COMPLETE
69,0.26914057839669925,2025-06-21 21:31:19.880192,2025-06-21 21:31:25.835798,0 days 00:00:05.955606,0.9585636141249686,0.1817464552949567,14,15,971,246,0.454898473475432,0.6022159531307862,0.7217111313095622,COMPLETE
70,0.5292163496257479,2025-06-21 21:31:25.836799,2025-06-21 21:31:33.385093,0 days 00:00:07.548294,0.982374104069582,0.007274411601587723,16,15,936,217,0.4703483603940602,0.6048326048954306,0.8260335144961204,COMPLETE
71,0.2708443564629741,2025-06-21 21:31:33.386093,2025-06-21 21:31:39.366797,0 days 00:00:05.980704,0.9573822865472934,0.1830580277549024,14,11,966,248,0.41634310692276244,0.7113625543275705,0.7203379335694259,COMPLETE
72,0.27397032305386926,2025-06-21 21:31:39.367798,2025-06-21 21:31:45.288332,0 days 00:00:05.920534,0.9599692768868006,0.1822806966078888,14,9,976,236,0.5767886054366723,0.7066474138972774,0.7670564697072292,COMPLETE
73,0.2699455605352319,2025-06-21 21:31:45.289332,2025-06-21 21:31:51.262670,0 days 00:00:05.973338,0.9823088813922624,0.18095180907278194,14,9,970,236,0.5478164475105087,0.7063347689473751,0.7191963566460745,COMPLETE
74,0.27197251766918573,2025-06-21 21:31:51.264777,2025-06-21 21:31:57.108527,0 days 00:00:05.843750,0.9579465007473908,0.18237661164631172,14,9,976,234,0.5603106412838054,0.8100190963840885,0.7858076203834818,COMPLETE
75,0.6043675082581619,2025-06-21 21:31:57.109527,2025-06-21 21:31:59.787660,0 days 00:00:02.678133,0.9302410023941738,0.008751707449861562,14,8,970,22,0.5558769597413962,0.7220922457636231,0.7877747047169663,COMPLETE
76,0.32549634341302447,2025-06-21 21:31:59.788810,2025-06-21 21:32:02.596321,0 days 00:00:02.807511,0.9848068286905596,0.17949671547174592,12,10,420,250,0.6270330836933311,0.8376237667727412,0.7590409442648804,COMPLETE
77,0.2808215982213922,2025-06-21 21:32:02.597322,2025-06-21 21:32:08.327519,0 days 00:00:05.730197,0.8698208542508643,0.15411055783858404,13,5,954,232,0.49577311235391086,0.7912891311534689,0.7910253883583175,COMPLETE
78,0.2745929417139321,2025-06-21 21:32:08.328518,2025-06-21 21:32:15.024892,0 days 00:00:06.696374,0.9549806611258368,0.1376115008482298,14,11,970,251,0.5433324198164837,0.7503085174140748,0.8464890592639891,COMPLETE
79,0.39027009966981774,2025-06-21 21:32:15.026014,2025-06-21 21:32:16.680887,0 days 00:00:01.654873,0.8554363264665439,0.17458723637679402,12,7,250,224,0.5936668884689531,0.7009708016514259,0.7656783628587674,COMPLETE
80,0.30197806328770493,2025-06-21 21:32:16.681888,2025-06-21 21:32:21.986003,0 days 00:00:05.304115,0.9077644530804986,0.11726092634515425,13,17,865,244,0.6832544089037831,0.8434695020062566,0.7169161397966094,COMPLETE
81,0.27562441618448463,2025-06-21 21:32:21.987001,2025-06-21 21:32:28.252956,0 days 00:00:06.265955,0.9568365052905526,0.13685327511576026,14,11,977,256,0.5297609799919183,0.7656999203612868,0.8481306184005342,COMPLETE
82,0.27131060560402254,2025-06-21 21:32:28.253956,2025-06-21 21:32:34.432274,0 days 00:00:06.178318,0.9828899884960357,0.18510408412606158,14,15,940,235,0.42837189539018067,0.7440420277289825,0.8705463688100521,COMPLETE
83,0.2723450076571159,2025-06-21 21:32:34.434276,2025-06-21 21:32:39.985253,0 days 00:00:05.550977,0.9822622739074386,0.18639894979140523,14,15,939,232,0.4289357609693119,0.8136122411528587,0.746839196553033,COMPLETE
84,0.27330718978797464,2025-06-21 21:32:39.985253,2025-06-21 21:32:45.639606,0 days 00:00:05.654353,0.982953796755077,0.19872963824711215,14,15,936,234,0.48280798810756115,0.910362620399908,0.874920969312789,COMPLETE
85,0.2757117781757725,2025-06-21 21:32:45.641682,2025-06-21 21:32:50.965116,0 days 00:00:05.323434,0.9841072229619034,0.19698589005711742,13,15,938,219,0.42409396321266957,0.9128171097707188,0.8740180064719618,COMPLETE
86,0.2837742005452075,2025-06-21 21:32:50.966116,2025-06-21 21:32:56.718639,0 days 00:00:05.752523,0.9835208149232098,0.1538952528908313,14,19,919,233,0.455866526089577,0.8131481108849911,0.9165606129164167,COMPLETE
87,0.37650091778177985,2025-06-21 21:32:56.719639,2025-06-21 21:32:59.255296,0 days 00:00:02.535657,0.9381000845541648,0.16503827019255873,13,15,944,71,0.3319998031904968,0.8674871961945603,0.6914937850053562,COMPLETE
88,0.41037919063832695,2025-06-21 21:32:59.256295,2025-06-21 21:33:05.155160,0 days 00:00:05.898865,0.9786338298932982,0.03640043898361297,12,19,991,211,0.4027354746724357,0.9530897160605099,0.8687660151810427,COMPLETE
89,0.267764591876382,2025-06-21 21:33:05.156160,2025-06-21 21:33:10.726247,0 days 00:00:05.570087,0.990732249205204,0.19968423287365744,14,6,877,241,0.37863147589247886,0.7852303875317683,0.8244896645976879,COMPLETE
90,0.27751975920043137,2025-06-21 21:33:10.727247,2025-06-21 21:33:16.110618,0 days 00:00:05.383371,0.9434567717853439,0.16541935210892014,13,7,872,242,0.3804584370017027,0.7835072074144399,0.8255067646102248,COMPLETE
91,0.5401428796582041,2025-06-21 21:33:16.111630,2025-06-21 21:33:24.248115,0 days 00:00:08.136485,0.9955120056628715,0.00586212876654026,14,3,923,227,0.48095665140345556,0.9001882899420529,0.8775075237168648,COMPLETE
92,0.27166567622379234,2025-06-21 21:33:24.249115,2025-06-21 21:33:29.824795,0 days 00:00:05.575680,0.9622540387888873,0.19999830576822208,14,16,938,236,0.4331213135993248,0.8046641705032771,0.7150175124189739,COMPLETE
93,0.46214097037175916,2025-06-21 21:33:29.825794,2025-06-21 21:33:30.674014,0 days 00:00:00.848220,0.9568350157569686,0.18537531440139224,15,16,103,241,0.4308032655400809,0.8114516139805614,0.714560162140736,COMPLETE
94,0.28614922079177274,2025-06-21 21:33:30.675020,2025-06-21 21:33:35.998760,0 days 00:00:05.323740,0.9252969587076758,0.15001762789315615,14,6,908,220,0.4453345621642217,0.7388283043284765,0.6834655577159422,COMPLETE
95,0.26940843462353703,2025-06-21 21:33:36.000763,2025-06-21 21:33:42.142196,0 days 00:00:06.141433,0.9616559464371387,0.18735461273409246,13,11,983,250,0.3303306252221386,0.7667972893114846,0.7247312643575401,COMPLETE
96,0.48715741314777294,2025-06-21 21:33:42.143185,2025-06-21 21:33:49.843788,0 days 00:00:07.700603,0.961485813858964,0.0122967888046638,14,12,986,250,0.3307161388742309,0.7659651985758964,0.7276101199555561,COMPLETE
97,0.41919357314003025,2025-06-21 21:33:49.844779,2025-06-21 21:33:51.792613,0 days 00:00:01.947834,0.7681897246975684,0.16257775439103841,13,8,856,55,0.38413828138245015,0.6797725015061697,0.6613522083607142,COMPLETE
