number,value,datetime_start,datetime_complete,duration,params_colsample_bytree,params_learning_rate,params_max_depth,params_min_child_samples,params_n_estimators,params_num_leaves,params_reg_alpha,params_reg_lambda,params_subsample,state
98,0.2162506278578632,2025-06-21 21:24:39.101776,2025-06-21 21:25:19.817728,0 days 00:00:40.715952,0.6835329651403372,0.14944433727120365,14,12,999,229,0.5604606217928659,0.18886789662158646,0.8458172081633698,COMPLETE
99,0.22134185260195904,2025-06-21 21:25:19.818728,2025-06-21 21:25:54.601910,0 days 00:00:34.783182,0.7170113053120062,0.1516139673760321,13,12,906,200,0.5614845814743384,0.41256962294334765,0.8830412829043002,COMPLETE
