number,value,datetime_start,datetime_complete,duration,params_colsample_bytree,params_learning_rate,params_max_depth,params_min_child_samples,params_n_estimators,params_num_leaves,params_reg_alpha,params_reg_lambda,params_subsample,state
0,0.31654708543353904,2025-06-21 20:33:03.813848,2025-06-21 20:33:25.608100,0 days 00:00:21.794252,0.9839342756573497,0.0812769791640138,7,24,829,89,0.4471725922922748,0.07989611014459608,0.7388190902589405,COMPLETE
1,0.5287843453057867,2025-06-21 20:33:25.610085,2025-06-21 20:33:33.750071,0 days 00:00:08.139986,0.9155390818379427,0.04807507699753943,3,48,788,45,0.34031483838493304,0.1597108201694788,0.870649881390452,COMPLETE
2,0.47744555982202996,2025-06-21 20:33:33.751070,2025-06-21 20:33:39.761210,0 days 00:00:06.010140,0.5923444804209789,0.07314585937151326,4,14,645,154,0.514435984769973,0.7391344141764227,0.5591528196467688,COMPLETE
3,0.2595374075307475,2025-06-21 20:33:39.762210,2025-06-21 20:34:23.131865,0 days 00:00:43.369655,0.9532460353600971,0.07114607557026746,16,22,836,161,0.21436787517749079,0.08827701580380387,0.6153246742556762,COMPLETE
4,0.4097227353671482,2025-06-21 20:34:23.132865,2025-06-21 20:34:34.316860,0 days 00:00:11.183995,0.6015145429145086,0.042995930692754966,9,47,288,193,0.4826145855210565,0.6485978337174169,0.5006048554717619,COMPLETE
5,0.3036417982554399,2025-06-21 20:34:34.316860,2025-06-21 20:34:58.184830,0 days 00:00:23.867970,0.6965329694023279,0.05962177237413766,13,21,502,195,0.3167074195706602,0.6965921265506092,0.8771252268374105,COMPLETE
6,0.3246461165224479,2025-06-21 20:34:58.185823,2025-06-21 20:35:09.890264,0 days 00:00:11.704441,0.6374004899040845,0.14342177877036585,14,28,786,47,0.1322883823188753,0.6173629372131381,0.887326774683906,COMPLETE
7,0.40018296052934166,2025-06-21 20:35:09.890264,2025-06-21 20:35:22.621012,0 days 00:00:12.730748,0.5274324682176792,0.041160454557006586,16,47,421,116,0.09469647766544897,0.598226179145238,0.9902482846747016,COMPLETE
8,0.6832113480371927,2025-06-21 20:35:22.622011,2025-06-21 20:35:29.664393,0 days 00:00:07.042382,0.555306675097222,0.005305416115360579,4,12,674,62,0.5462238853265917,0.21373187695469364,0.5405160936075375,COMPLETE
9,0.425218863166671,2025-06-21 20:35:29.665450,2025-06-21 20:35:41.377695,0 days 00:00:11.712245,0.766880626094081,0.06473112038247458,5,47,904,244,0.1029468977041259,0.9340910047890008,0.632986164186222,COMPLETE
10,0.6393432799313158,2025-06-21 20:35:41.378694,2025-06-21 20:35:50.011936,0 days 00:00:08.633242,0.8332610898898827,0.015322485537156058,11,3,123,157,0.7751873677928197,0.3393952300157033,0.6804703712450786,COMPLETE
11,0.4051540501206916,2025-06-21 20:35:50.012937,2025-06-21 20:36:21.924762,0 days 00:00:31.911825,0.7146836837948178,0.018990258384442342,14,28,484,216,0.2630309585803073,0.4177354772276577,0.7874416599233904,COMPLETE
12,0.21978456401595925,2025-06-21 20:36:21.925761,2025-06-21 20:37:04.487657,0 days 00:00:42.561896,0.7307423204134109,0.19710031549178897,12,21,992,189,0.9863631646596648,0.8648723355180516,0.855402375943939,COMPLETE
13,0.22465644215659153,2025-06-21 20:37:04.488664,2025-06-21 20:37:37.901047,0 days 00:00:33.412383,0.8294272469625921,0.19363618051011933,16,36,981,124,0.9393323669961563,0.9156209149681336,0.7918494840950294,COMPLETE
14,0.22418853551850193,2025-06-21 20:37:37.902048,2025-06-21 20:38:09.713182,0 days 00:00:31.811134,0.8366711241537115,0.1923390908227469,11,37,995,118,0.9405620768727809,0.9954903394884438,0.8028165744406172,COMPLETE
15,0.2449931996890241,2025-06-21 20:38:09.714181,2025-06-21 20:38:34.781973,0 days 00:00:25.067792,0.8303765776591849,0.138598416996638,10,36,972,100,0.9974989644663477,0.9857642029817965,0.9588860268088281,COMPLETE
16,0.23820756257243525,2025-06-21 20:38:34.782973,2025-06-21 20:39:05.917427,0 days 00:00:31.134454,0.8942808865944063,0.11369065993309255,12,37,698,189,0.803824231650409,0.8330179014683825,0.8131410252499599,COMPLETE
17,0.2225937846462689,2025-06-21 20:39:05.918429,2025-06-21 20:39:37.076347,0 days 00:00:31.157918,0.7675199834187011,0.1952688740837474,8,41,980,251,0.7265738155507727,0.8090999114820558,0.7066411141157584,COMPLETE
18,0.4059779535670025,2025-06-21 20:39:37.077347,2025-06-21 20:39:59.906969,0 days 00:00:22.829622,0.7607615332200658,0.021818192539473133,8,17,603,254,0.6830966912194183,0.7784473729775102,0.7117060315866502,COMPLETE
19,0.49216374341031255,2025-06-21 20:39:59.907969,2025-06-21 20:40:21.114426,0 days 00:00:21.206457,0.6714737809233634,0.009421133935269516,7,31,885,226,0.651480852340825,0.49344393999762637,0.6634160148562532,COMPLETE
20,0.3539318900403565,2025-06-21 20:40:21.114426,2025-06-21 20:40:35.115604,0 days 00:00:14.001178,0.7839525382314343,0.10442108974851745,6,42,758,227,0.8087963836825848,0.8223191951999358,0.8425919182496935,COMPLETE
21,0.2202821083895492,2025-06-21 20:40:35.116599,2025-06-21 20:41:11.770806,0 days 00:00:36.654207,0.8871445842158249,0.18961380984905418,10,41,988,171,0.8890828941244637,0.8629187452425898,0.9283371651039731,COMPLETE
22,0.22155974709541915,2025-06-21 20:41:11.771796,2025-06-21 20:41:48.152511,0 days 00:00:36.380715,0.8873349171604616,0.19941768264551704,9,41,897,176,0.8786627235277314,0.8737668075509676,0.9168311033571163,COMPLETE
23,0.22322687633934524,2025-06-21 20:41:48.152511,2025-06-21 20:42:24.071655,0 days 00:00:35.919144,0.9057430955517356,0.13067977189992808,10,32,899,180,0.8844507858898418,0.8705006871159532,0.931232324020576,COMPLETE
24,0.2238563981079449,2025-06-21 20:42:24.072655,2025-06-21 20:42:55.014462,0 days 00:00:30.941807,0.8628779982946221,0.1569586451342914,12,42,904,143,0.853473896328947,0.9011934870442707,0.9326094730396525,COMPLETE
25,0.2512406352444547,2025-06-21 20:42:55.014462,2025-06-21 20:43:28.572532,0 days 00:00:33.558070,0.9932480647375828,0.09562060677177099,9,5,727,172,0.9904536846574539,0.5420651230524487,0.9177919679956738,COMPLETE
26,0.31584952193505234,2025-06-21 20:43:28.573532,2025-06-21 20:44:14.402250,0 days 00:00:45.828718,0.9464422511699004,0.02763812184742507,11,50,929,203,0.6010531847575931,0.7188115801368101,0.9965752760798847,COMPLETE
27,0.2535407297638268,2025-06-21 20:44:14.403249,2025-06-21 20:44:40.528232,0 days 00:00:26.124983,0.7994500873221995,0.09557895477905687,13,32,843,137,0.878199937092717,0.7610273532340985,0.8394573429062424,COMPLETE
28,0.2893779532379728,2025-06-21 20:44:40.528232,2025-06-21 20:44:51.912479,0 days 00:00:11.384247,0.7302910259608097,0.15541929720998987,8,40,384,172,0.923363834630654,0.936096601748591,0.9517777081172435,COMPLETE
29,0.2966828986300931,2025-06-21 20:44:51.913595,2025-06-21 20:45:12.702089,0 days 00:00:20.788494,0.8730509139849594,0.09091617927496481,7,23,831,210,0.7478090010837736,0.6653835556137405,0.9124379718209594,COMPLETE
30,0.419978875326241,2025-06-21 20:45:12.703090,2025-06-21 20:45:21.376711,0 days 00:00:08.673621,0.9434863265901209,0.12071579402151437,10,19,603,23,0.39108156263827104,0.8525079011924155,0.7521402180972669,COMPLETE
31,0.22527997010569412,2025-06-21 20:45:21.377711,2025-06-21 20:45:48.775099,0 days 00:00:27.397388,0.6863370632124046,0.18128337636824832,8,43,995,237,0.7259808872818393,0.8003959488186728,0.731018493621456,COMPLETE
32,0.222646739506129,2025-06-21 20:45:48.776090,2025-06-21 20:46:21.714191,0 days 00:00:32.938101,0.8068872937333603,0.19949315216260344,9,44,935,179,0.8657645591864218,0.8426307896260011,0.8466280528532918,COMPLETE
33,0.3022268459120171,2025-06-21 20:46:21.714191,2025-06-21 20:46:35.182301,0 days 00:00:13.468110,0.7445892032601868,0.15580212473401142,6,25,859,146,0.6997230849660783,0.7472020223161255,0.8834600191487788,COMPLETE
34,0.2637066588854067,2025-06-21 20:46:35.183301,2025-06-21 20:47:04.472244,0 days 00:00:29.288943,0.8676790125883032,0.07925723868756174,8,40,956,163,0.011801363239340223,0.9596174118137076,0.9642664693050478,COMPLETE
35,0.2572630831871128,2025-06-21 20:47:04.473252,2025-06-21 20:47:39.902002,0 days 00:00:35.428750,0.6640985760510896,0.054296484098558695,12,34,783,255,0.8338622815916374,0.895041601535027,0.7631677252124804,COMPLETE
36,0.21753629279829145,2025-06-21 20:47:39.903002,2025-06-21 20:48:33.768391,0 days 00:00:53.865389,0.9145420179491545,0.11823679535378104,10,10,937,217,0.9585738587535944,0.6903287791797182,0.8986435697735431,COMPLETE
37,0.22412571828404781,2025-06-21 20:48:33.769393,2025-06-21 20:49:23.919912,0 days 00:00:50.150519,0.9679140193752691,0.13223420988587817,11,10,808,196,0.9545809194119742,0.5719622225449489,0.8941347436324044,COMPLETE
38,0.28949958511817264,2025-06-21 20:49:23.920911,2025-06-21 20:50:23.805655,0 days 00:00:59.884744,0.9287290753420872,0.03552457296745793,13,16,865,216,0.9046875175286643,0.6839863374895059,0.8500921117351002,COMPLETE
39,0.34939046642877836,2025-06-21 20:50:23.811359,2025-06-21 20:50:42.089515,0 days 00:00:18.278156,0.8922626670239515,0.07947154881559332,10,7,247,187,0.9791038032884951,0.6399861926013213,0.8983642845034745,COMPLETE
40,0.21722873544986387,2025-06-21 20:50:42.090607,2025-06-21 20:51:17.465880,0 days 00:00:35.375273,0.6134143484843431,0.16307966947938246,15,10,930,207,0.6038786369185496,0.05584250215023134,0.8672266579810609,COMPLETE
41,0.22085712891679954,2025-06-21 20:51:17.465880,2025-06-21 20:51:50.814497,0 days 00:00:33.348617,0.6208587300619505,0.16564724873234396,15,12,939,207,0.41876898334614054,0.16874805105898671,0.8681225037271052,COMPLETE
42,0.22102999404801837,2025-06-21 20:51:50.814497,2025-06-21 20:52:23.769615,0 days 00:00:32.955118,0.6026485495075067,0.1570953181384266,15,10,940,203,0.42896380390225536,0.018790483628163823,0.8220747864450477,COMPLETE
43,0.22324990945934808,2025-06-21 20:52:23.770615,2025-06-21 20:52:54.009288,0 days 00:00:30.238673,0.5015974616738378,0.11551167068357746,15,13,948,223,0.5249583445272564,0.20113146227536494,0.8677786884312235,COMPLETE
44,0.2237874009476033,2025-06-21 20:52:54.009288,2025-06-21 20:53:21.379800,0 days 00:00:27.370512,0.5732363533912621,0.16628758100073132,15,8,815,202,0.31736836419074355,0.11007867254793924,0.8725614237089713,COMPLETE
45,0.23602216130247633,2025-06-21 20:53:21.380799,2025-06-21 20:53:56.544006,0 days 00:00:35.163207,0.6090602183958738,0.06854754679436428,14,20,926,237,0.5778636671187499,0.2818433782191235,0.9670705043308976,COMPLETE
46,0.22384749704489226,2025-06-21 20:53:56.545005,2025-06-21 20:54:26.417655,0 days 00:00:29.872650,0.6277117644934121,0.1402408876105661,16,11,996,164,0.45318732741060136,0.06112316493666511,0.9386939251871522,COMPLETE
47,0.2307121920312427,2025-06-21 20:54:26.418644,2025-06-21 20:54:57.875694,0 days 00:00:31.457050,0.6446564259310275,0.10991279346232728,13,15,865,187,0.26269880316167543,0.14733812932832696,0.865350255475259,COMPLETE
48,0.26734104035209005,2025-06-21 20:54:57.876681,2025-06-21 20:55:28.186339,0 days 00:00:30.309658,0.5759473338946155,0.05372698446772108,15,18,765,216,0.38087516595653165,0.007088101485670045,0.7693123707715861,COMPLETE
49,0.22510802877165692,2025-06-21 20:55:28.187346,2025-06-21 20:55:57.244669,0 days 00:00:29.057323,0.548230840008371,0.16596746488154687,14,3,720,209,0.6285066335105212,0.45695465915333544,0.8315601703400464,COMPLETE
50,0.23036322316150537,2025-06-21 20:55:57.245669,2025-06-21 20:56:24.969085,0 days 00:00:27.723416,0.6233622565277208,0.12908136569907733,12,8,962,153,0.4905907422293294,0.3565246412816113,0.9795350632651052,COMPLETE
51,0.2230294627390058,2025-06-21 20:56:24.969085,2025-06-21 20:56:56.657199,0 days 00:00:31.688114,0.588777395055545,0.16687336823020488,15,10,938,203,0.3771173562669941,0.023367866097063497,0.8166137634333106,COMPLETE
52,0.21879198185404436,2025-06-21 20:56:56.657199,2025-06-21 20:57:39.085631,0 days 00:00:42.428432,0.6552361696465168,0.14539906575728698,16,14,999,232,0.42775438391931137,0.05623737643601566,0.8245527847396237,COMPLETE
53,0.3868658701776889,2025-06-21 20:57:39.086632,2025-06-21 20:58:32.830418,0 days 00:00:53.743786,0.7064783721190657,0.011085325035448875,16,13,886,236,0.25101592293699376,0.07720108476676377,0.9011009162590895,COMPLETE
54,0.21648553441157503,2025-06-21 20:58:32.830418,2025-06-21 20:59:12.611973,0 days 00:00:39.781555,0.6483450811899754,0.14123556725870406,16,15,993,229,0.4525832495956452,0.1198296459000264,0.8576862603761719,COMPLETE
55,0.2206621731281021,2025-06-21 20:59:12.611973,2025-06-21 20:59:53.125450,0 days 00:00:40.513477,0.6516759485755607,0.10103643933703987,16,21,966,230,0.47368431548968926,0.2920722498570839,0.8549888444528705,COMPLETE
56,0.22035332528257334,2025-06-21 20:59:53.125450,2025-06-21 21:00:39.213118,0 days 00:00:46.087668,0.675716215081033,0.0874678162121951,14,27,994,245,0.5461179330029333,0.11268325976275476,0.8002419769670331,COMPLETE
57,0.5565021870261472,2025-06-21 21:00:39.214092,2025-06-21 21:01:12.119292,0 days 00:00:32.905200,0.7154110553177334,0.005566629870631314,16,15,518,220,0.7886888448862484,0.04836875784900984,0.7773597707557425,COMPLETE
58,0.46573221207093174,2025-06-21 21:01:12.119292,2025-06-21 21:01:17.787186,0 days 00:00:05.667894,0.6926701906777385,0.13996427345486562,3,6,893,80,0.3297839678146812,0.23001281138462693,0.5783604234427189,COMPLETE
59,0.2214256627328418,2025-06-21 21:01:17.788338,2025-06-21 21:02:00.337822,0 days 00:00:42.549484,0.9195205660764944,0.11486884129784504,11,17,910,195,0.9486254143802535,0.15982466373872672,0.8868497573001015,COMPLETE
60,0.22092390012861784,2025-06-21 21:02:00.339337,2025-06-21 21:02:42.485598,0 days 00:00:42.146261,0.7323854481761631,0.18381579108065382,13,25,969,231,0.907326136291132,0.7231553152634531,0.9439822156309728,COMPLETE
61,0.21859440296101929,2025-06-21 21:02:42.486598,2025-06-21 21:03:23.659325,0 days 00:00:41.172727,0.6654530989837081,0.1426943499258229,14,27,995,244,0.5441600108197701,0.11528296667352925,0.8021356861498792,COMPLETE
62,0.2177480086032042,2025-06-21 21:03:23.660325,2025-06-21 21:04:02.914485,0 days 00:00:39.254160,0.6554456889358034,0.12367111072472606,14,23,997,244,0.5229529222239,0.10527657011513591,0.8264100272674464,COMPLETE
63,0.2178839401712218,2025-06-21 21:04:02.914485,2025-06-21 21:04:41.859707,0 days 00:00:38.945222,0.653623135365444,0.12083820299829469,14,22,966,246,0.5856808770330224,0.11500189250545925,0.78966460853882,COMPLETE
64,0.21567521010618063,2025-06-21 21:04:41.860707,2025-06-21 21:05:20.013635,0 days 00:00:38.152928,0.648569933499441,0.1228723185319971,14,30,998,246,0.5766329512374306,0.10849132083465306,0.794109306964078,COMPLETE
65,0.2284392166909064,2025-06-21 21:05:20.013635,2025-06-21 21:05:58.949968,0 days 00:00:38.936333,0.6780863178356116,0.07469478503936594,14,29,913,246,0.5945664391860745,0.11055699377275362,0.7938903523912999,COMPLETE
66,0.21934026408348184,2025-06-21 21:05:58.950968,2025-06-21 21:06:33.381833,0 days 00:00:34.430865,0.6326961399402982,0.12171281543552082,13,23,869,243,0.6471432703283906,0.24848869803439752,0.7316351429987134,COMPLETE
67,0.22155399919826835,2025-06-21 21:06:33.382833,2025-06-21 21:07:12.398414,0 days 00:00:39.015581,0.5883566166575219,0.08819778085326203,14,29,965,252,0.5224704134620632,0.19462124959931648,0.8070008117704344,COMPLETE
68,0.22400059131485217,2025-06-21 21:07:12.399452,2025-06-21 21:07:47.718739,0 days 00:00:35.319287,0.660503474786424,0.1011662632948823,15,26,837,240,0.5614785985104573,0.13928709459169497,0.7834540229610818,COMPLETE
69,0.2568700034629141,2025-06-21 21:07:47.719738,2025-06-21 21:08:18.660288,0 days 00:00:30.940550,0.6395473484158314,0.0627196477128177,14,23,653,256,0.6798269686572694,0.09938361555903533,0.753957069569574,COMPLETE
70,0.263744469336444,2025-06-21 21:08:18.661287,2025-06-21 21:08:36.989525,0 days 00:00:18.328238,0.6114431903160368,0.10702199052916156,13,30,440,225,0.6146045412917492,0.1844099448457187,0.8297981603244773,COMPLETE
71,0.21762964658638906,2025-06-21 21:08:36.989525,2025-06-21 21:09:16.427197,0 days 00:00:39.437672,0.6558014843408901,0.1440058713607095,16,34,999,232,0.5120655949178505,0.04800033163148016,0.8184513048477757,COMPLETE
72,0.3586297807994303,2025-06-21 21:09:16.427197,2025-06-21 21:09:23.690117,0 days 00:00:07.262920,0.6903814166910475,0.12662226791260547,15,31,106,248,0.5352081638960071,0.13310490486842633,0.7994828606995771,COMPLETE
73,0.21835662124134458,2025-06-21 21:09:23.692167,2025-06-21 21:09:59.637171,0 days 00:00:35.945004,0.6442591411395068,0.139295394532158,16,34,967,219,0.48936770530462964,0.07404702283210007,0.7101502632214263,COMPLETE
74,0.22011381475654346,2025-06-21 21:09:59.638181,2025-06-21 21:10:36.017307,0 days 00:00:36.379126,0.5664650842068066,0.12216291616103114,16,34,919,216,0.4849208364777947,0.0399015626117067,0.7393349504293301,COMPLETE
75,0.2595191409059683,2025-06-21 21:10:36.017307,2025-06-21 21:11:16.182499,0 days 00:00:40.165192,0.6178466216611944,0.04433857038550524,16,34,964,233,0.4559635392664318,0.07702556688229892,0.7172110003921576,COMPLETE
76,0.22849784472854429,2025-06-21 21:11:16.183762,2025-06-21 21:11:53.428656,0 days 00:00:37.244894,0.6465883917626345,0.08659427452677258,15,37,946,225,0.56663061319053,0.07843997335402503,0.6907132744300015,COMPLETE
77,0.21902812395453375,2025-06-21 21:11:53.429619,2025-06-21 21:12:29.388334,0 days 00:00:35.958715,0.7069892146639079,0.14723773610900218,16,38,889,213,0.6429216743957706,0.005969597106558006,0.6794895576031628,COMPLETE
78,0.28611472509666036,2025-06-21 21:12:29.389353,2025-06-21 21:12:39.018184,0 days 00:00:09.628831,0.5990858461606453,0.1763535381386313,15,33,222,219,0.35562411953579376,0.03803085419884152,0.8568031411031669,COMPLETE
79,0.21835761856497315,2025-06-21 21:12:39.019184,2025-06-21 21:13:21.434486,0 days 00:00:42.415302,0.6349774096789959,0.09967913103724145,16,35,976,249,0.5077850011870321,0.16633062199137913,0.8429265260773237,COMPLETE
80,0.2186755516750266,2025-06-21 21:13:21.435990,2025-06-21 21:13:57.994566,0 days 00:00:36.558576,0.5420208136334087,0.11179814733502269,15,5,921,240,0.4089455920997257,0.09153371549580436,0.7729865916686184,COMPLETE
81,0.2196562601972747,2025-06-21 21:13:57.996077,2025-06-21 21:14:38.477569,0 days 00:00:40.481492,0.6349854160735254,0.09576252372961402,16,32,976,249,0.5105688137169795,0.17299397182361503,0.836534560020862,COMPLETE
82,0.21805233129046897,2025-06-21 21:14:38.477569,2025-06-21 21:15:21.339408,0 days 00:00:42.861839,0.6828907686707887,0.12550568169206786,16,34,953,256,0.5898082085533316,0.13608782727459323,0.8184240456318111,COMPLETE
83,0.21561766244531855,2025-06-21 21:15:21.339408,2025-06-21 21:15:58.963158,0 days 00:00:37.623750,0.6701441719228745,0.1347451263024113,15,38,947,228,0.5849328344734497,0.21885695832338806,0.7865183828752468,COMPLETE
84,0.21607643138612342,2025-06-21 21:15:58.965139,2025-06-21 21:16:41.614170,0 days 00:00:42.649031,0.6786890093441665,0.12843451139930628,15,20,944,256,0.5907199491242136,0.23787818763087823,0.8137484765898134,COMPLETE
85,0.22135181229664214,2025-06-21 21:16:41.615172,2025-06-21 21:17:19.119013,0 days 00:00:37.503841,0.6993419273221763,0.17634555369732477,14,18,854,237,0.608991987926695,0.2500902650597422,0.7864044154094219,COMPLETE
86,0.22060271538920384,2025-06-21 21:17:19.120013,2025-06-21 21:17:57.371485,0 days 00:00:38.251472,0.6724634111503547,0.15357438419266867,15,20,923,226,0.6690141079722256,0.38344013416841505,0.9088063691025555,COMPLETE
87,0.2163798626714406,2025-06-21 21:17:57.372484,2025-06-21 21:18:39.613589,0 days 00:00:42.241105,0.7183111728750174,0.1136629069259884,14,21,948,233,0.7377205191172099,0.28626039009648246,0.8108291907835669,COMPLETE
88,0.2211917443016388,2025-06-21 21:18:39.614588,2025-06-21 21:19:15.495230,0 days 00:00:35.880642,0.7294699415539497,0.13395513119289842,15,19,799,229,0.7118070590456242,0.3205672719182614,0.8774231992028907,COMPLETE
89,0.22441518628854107,2025-06-21 21:19:15.496229,2025-06-21 21:19:52.838362,0 days 00:00:37.342133,0.7405730682919244,0.10931998066116663,13,24,877,210,0.6200552558545616,0.22817474713344588,0.7587461460333788,COMPLETE
90,0.4814208221111873,2025-06-21 21:19:52.839338,2025-06-21 21:20:04.512281,0 days 00:00:11.672943,0.6708637945158832,0.02623623399416062,5,16,904,105,0.758887901912203,0.2818658595810079,0.816294650509479,COMPLETE
91,0.21594903397499854,2025-06-21 21:20:04.513282,2025-06-21 21:20:56.882542,0 days 00:00:52.369260,0.7209945534134758,0.11647460367990152,14,22,1000,241,0.5705453774358801,0.2121920990224431,0.8107093789125579,COMPLETE
92,0.21799811664006385,2025-06-21 21:20:56.883045,2025-06-21 21:21:38.474733,0 days 00:00:41.591688,0.7573425277408629,0.15540503460208943,14,21,942,239,0.5658486263229463,0.2022598041246392,0.808780019990723,COMPLETE
93,0.22451645171017087,2025-06-21 21:21:38.474733,2025-06-21 21:22:20.640243,0 days 00:00:42.165510,0.7144480580762896,0.08137415951314074,15,22,997,233,0.4618212573438374,0.5158957307739671,0.8534042250706609,COMPLETE
94,0.217875190638403,2025-06-21 21:22:20.641244,2025-06-21 21:22:58.437555,0 days 00:00:37.796311,0.7217611389860152,0.13239810865818685,14,25,931,222,0.6596947477035947,0.24376268398120576,0.8276394128962465,COMPLETE
95,0.22195223548612408,2025-06-21 21:22:58.438693,2025-06-21 21:23:40.795250,0 days 00:00:42.356557,0.7022475955112967,0.1741940500002074,12,9,983,241,0.6915706477544308,0.2650387774297333,0.860718706916492,COMPLETE
96,0.27431229603034657,2025-06-21 21:23:40.796250,2025-06-21 21:23:59.095541,0 days 00:00:18.299291,0.7755501287629916,0.1063946342476623,15,38,351,235,0.6312352236194401,0.2209589756050683,0.8356399034975796,COMPLETE
97,0.2195555284153894,2025-06-21 21:23:59.096540,2025-06-21 21:24:39.100776,0 days 00:00:40.004236,0.6617918640268352,0.09248729701821651,15,28,947,252,0.8286375667628514,0.3164168956942097,0.7708823677108831,COMPLETE
