number,value,datetime_start,datetime_complete,duration,params_colsample_bytree,params_learning_rate,params_max_depth,params_min_child_samples,params_n_estimators,params_num_leaves,params_reg_alpha,params_reg_lambda,params_subsample,state
0,2.0920116954842434,2025-06-21 14:07:35.044021,2025-06-21 14:07:37.062690,0 days 00:00:02.018669,0.8973170749258089,0.08063336950895338,8,30,118,44,0.07897220627125778,0.2634912304048749,0.9453600910139666,COMPLETE
1,2.2217810345449953,2025-06-21 14:07:37.062690,2025-06-21 14:07:38.237586,0 days 00:00:01.174896,0.8565329674501401,0.08207867601348974,4,30,100,30,0.28759047962810314,0.07861568441046168,0.766975043922219,COMPLETE
2,2.184961917481861,2025-06-21 14:07:38.244047,2025-06-21 14:07:39.627572,0 days 00:00:01.383525,0.6065456932279388,0.06122214762617668,5,23,118,35,0.0477902651524823,0.23005678185398476,0.8288415496329771,COMPLETE
3,2.2682741941305995,2025-06-21 14:07:39.628557,2025-06-21 14:07:41.557821,0 days 00:00:01.929264,0.7608692842802167,0.025600528555318147,8,27,123,39,0.46304177126588186,0.259033641501401,0.905628471544424,COMPLETE
4,2.243367144352597,2025-06-21 14:07:41.557821,2025-06-21 14:07:42.987920,0 days 00:00:01.430099,0.9739926560031402,0.07303530294174237,3,30,156,46,0.14491114729711124,0.10400802837879919,0.6751955874426293,COMPLETE
5,2.109049561419341,2025-06-21 14:07:42.988953,2025-06-21 14:07:44.570243,0 days 00:00:01.581290,0.8285594950797726,0.09947657242961166,5,32,136,32,0.06844098238493934,0.43105359515727615,0.7981818130354377,COMPLETE
6,2.2330794498790745,2025-06-21 14:07:44.570243,2025-06-21 14:07:46.619168,0 days 00:00:02.048925,0.6243008894460353,0.021802063076894397,6,25,180,49,0.36541495209624186,0.029306258220924142,0.9275856609860869,COMPLETE
7,2.201241742771541,2025-06-21 14:07:46.619168,2025-06-21 14:07:47.841869,0 days 00:00:01.222701,0.7958928641428766,0.08524512199902183,4,36,112,42,0.26505507962059094,0.038565269129667845,0.8773331009419822,COMPLETE
8,2.136050247265639,2025-06-21 14:07:47.841869,2025-06-21 14:07:49.845010,0 days 00:00:02.003141,0.9466666570801303,0.08976828858811141,4,25,206,37,0.3115403458554046,0.4011195342564828,0.7520341392920952,COMPLETE
9,2.1441721113236833,2025-06-21 14:07:49.845010,2025-06-21 14:07:51.641678,0 days 00:00:01.796668,0.8781633394497932,0.09033817035390099,4,20,183,46,0.13174572609001334,0.4776073020026641,0.8145421704387223,COMPLETE
10,2.1228386817312206,2025-06-21 14:07:51.642678,2025-06-21 14:07:54.154572,0 days 00:00:02.511894,0.7264998992748636,0.04515281326235543,10,40,246,23,0.16293025801758088,0.2624463128843698,0.9834746699590413,COMPLETE
11,2.0775367288741293,2025-06-21 14:07:54.155571,2025-06-21 14:07:56.104190,0 days 00:00:01.948619,0.8811186528291892,0.09984810651456646,8,34,145,30,0.010906377036309214,0.3507631187488186,0.6824887183067231,COMPLETE
12,2.127134245388586,2025-06-21 14:07:56.104190,2025-06-21 14:07:58.120705,0 days 00:00:02.016515,0.9087506209214192,0.06721166139375949,8,34,149,25,0.03861158991142342,0.3409199285439165,0.6234985455634675,COMPLETE
13,2.10157744648594,2025-06-21 14:07:58.120705,2025-06-21 14:08:00.215556,0 days 00:00:02.094851,0.9222852801732607,0.07575922287407441,8,37,155,28,0.0010589792679297355,0.16451040257400934,0.6865790352908329,COMPLETE
14,2.146698913475075,2025-06-21 14:08:00.217558,2025-06-21 14:08:02.188815,0 days 00:00:01.971257,0.7172051115701192,0.04770164286513149,10,33,136,41,0.19768539359328946,0.3290709662008423,0.9842374673111141,COMPLETE
15,2.0751182182435115,2025-06-21 14:08:02.188815,2025-06-21 14:08:04.436655,0 days 00:00:02.247840,0.9744587221210461,0.09917605764354467,7,28,207,21,0.10306650296824621,0.3440636941455998,0.7100414061006668,COMPLETE
16,2.074576760639642,2025-06-21 14:08:04.436655,2025-06-21 14:08:06.748062,0 days 00:00:02.311407,0.9838549751735147,0.0989650317545536,7,27,208,21,0.21165398272872568,0.35956559759157386,0.703039216906035,COMPLETE
17,2.1663357759087463,2025-06-21 14:08:06.748062,2025-06-21 14:08:09.460531,0 days 00:00:02.712469,0.9986434727469444,0.03886807307192957,7,27,216,21,0.20816374440933508,0.4015819983585939,0.6114564923053619,COMPLETE
18,2.129372270151247,2025-06-21 14:08:09.462533,2025-06-21 14:08:11.828695,0 days 00:00:02.366162,0.9550542046634178,0.059566463502707986,6,20,213,20,0.3595219811472037,0.20165789655589106,0.728150366619278,COMPLETE
19,2.3206872901851785,2025-06-21 14:08:11.828695,2025-06-21 14:08:14.901641,0 days 00:00:03.072946,0.9695356264913021,0.012523026406661225,7,27,232,24,0.10595121461797963,0.498623408635834,0.7173799086467413,COMPLETE
20,2.0626646933545105,2025-06-21 14:08:14.901641,2025-06-21 14:08:17.454746,0 days 00:00:02.553105,0.9998775887851539,0.09347642982046564,9,23,195,26,0.21685913109366534,0.30899065726481306,0.6560114743567305,COMPLETE
21,2.0605710572862144,2025-06-21 14:08:17.455751,2025-06-21 14:08:20.029950,0 days 00:00:02.574199,0.9956827633130996,0.09452426764621694,10,23,196,26,0.2168020090010445,0.30311586343680097,0.646427317477869,COMPLETE
22,2.0623398187921884,2025-06-21 14:08:20.029950,2025-06-21 14:08:22.518678,0 days 00:00:02.488728,0.9914992472287065,0.0913628960760274,9,23,192,27,0.2144808402505462,0.2827221557640266,0.6413933380251844,COMPLETE
23,2.066851965491102,2025-06-21 14:08:22.518678,2025-06-21 14:08:24.910417,0 days 00:00:02.391739,0.9483543678883553,0.08978796788155809,9,22,194,27,0.2359783345373574,0.31142717449693424,0.6447805044695366,COMPLETE
24,2.087860520521243,2025-06-21 14:08:24.910417,2025-06-21 14:08:27.419980,0 days 00:00:02.509563,0.999765224375035,0.07042675738976063,9,23,167,32,0.1700535951225544,0.2956493849591958,0.651954971215676,COMPLETE
25,2.0691260874273545,2025-06-21 14:08:27.419980,2025-06-21 14:08:29.769883,0 days 00:00:02.349903,0.9331499874283709,0.09198471108155688,9,22,187,26,0.33283287025238023,0.1841275032418635,0.652919718849599,COMPLETE
26,2.0847200664187993,2025-06-21 14:08:29.769883,2025-06-21 14:08:31.802351,0 days 00:00:02.032468,0.6615500330328523,0.07823706417129016,10,25,168,29,0.2581185839382899,0.14827296857569008,0.6078730239589435,COMPLETE
27,2.068801212865033,2025-06-21 14:08:31.802351,2025-06-21 14:08:34.227373,0 days 00:00:02.425022,0.841002354286978,0.08552329494842599,9,24,223,24,0.4098955654472708,0.29009705199994495,0.6009024914379969,COMPLETE
28,2.0808937660181206,2025-06-21 14:08:34.232249,2025-06-21 14:08:36.885691,0 days 00:00:02.653442,0.9227563899547505,0.06639628408569834,10,20,193,32,0.2361320302336029,0.22832734659021,0.6402305182800755,COMPLETE
29,2.071869472620294,2025-06-21 14:08:36.885691,2025-06-21 14:08:39.360134,0 days 00:00:02.474443,0.9022955520682039,0.08006239656243941,9,22,198,27,0.17980959938378802,0.3974463748678908,0.7448115504496597,COMPLETE
30,2.0569613399270836,2025-06-21 14:08:39.360134,2025-06-21 14:08:41.535776,0 days 00:00:02.175642,0.7957537561297594,0.09312070260084898,10,29,173,34,0.2823124636368068,0.30064928087583553,0.7795879686198883,COMPLETE
31,2.049994585423961,2025-06-21 14:08:41.535776,2025-06-21 14:08:43.750670,0 days 00:00:02.214894,0.7793108884559755,0.0893253700867849,10,24,175,36,0.2888746584606771,0.292176352514271,0.8703404290967832,COMPLETE
32,2.0638559000830234,2025-06-21 14:08:43.750670,2025-06-21 14:08:46.022170,0 days 00:00:02.271500,0.7825430832294433,0.08368406943399295,10,28,173,35,0.28774388756510055,0.2769360698973681,0.8600237702168773,COMPLETE
33,2.047359491751796,2025-06-21 14:08:46.024173,2025-06-21 14:08:48.187727,0 days 00:00:02.163554,0.752088150635559,0.09405874567567468,10,29,168,37,0.2916711790821622,0.23831144847105395,0.7853722970858446,COMPLETE
34,2.0620149442298668,2025-06-21 14:08:48.187727,2025-06-21 14:08:50.373545,0 days 00:00:02.185818,0.7468552353371272,0.08287896895178343,10,31,165,37,0.29303090010740873,0.2254634000134862,0.7887323977922861,COMPLETE
35,2.0545428292964663,2025-06-21 14:08:50.373545,2025-06-21 14:08:52.437373,0 days 00:00:02.063828,0.6964476259591574,0.09467266519289158,10,29,176,34,0.4148415159567192,0.2424014220196034,0.8446634308335325,COMPLETE
36,2.071688986752337,2025-06-21 14:08:52.447389,2025-06-21 14:08:54.592889,0 days 00:00:02.145500,0.6818903482820052,0.0749181352201359,10,29,177,34,0.45350501962255363,0.11646475945305844,0.8508793073476265,COMPLETE
37,2.0528462621376744,2025-06-21 14:08:54.592889,2025-06-21 14:08:56.816451,0 days 00:00:02.223562,0.821100994682477,0.09501803298044088,9,31,160,38,0.48796928813862045,0.24314991648245665,0.7798596377422213,COMPLETE
38,2.062123235750641,2025-06-21 14:08:56.816451,2025-06-21 14:08:59.053571,0 days 00:00:02.237120,0.8232360911765647,0.08369352142362,9,32,159,38,0.4787536815107618,0.24264654274891168,0.8923740267192534,COMPLETE
39,2.0750821210699204,2025-06-21 14:08:59.053571,2025-06-21 14:09:00.986481,0 days 00:00:01.932910,0.7669155594447971,0.0875905163842267,8,31,137,40,0.4311564363236159,0.20605830711636103,0.8160586759128229,COMPLETE
40,2.058874490127423,2025-06-21 14:09:00.996955,2025-06-21 14:09:02.779143,0 days 00:00:01.782188,0.6990580196536634,0.09607041828628803,9,29,126,43,0.39376974353326255,0.1390837614562626,0.840280032287223,COMPLETE
41,2.0496336136880484,2025-06-21 14:09:02.779143,2025-06-21 14:09:05.033412,0 days 00:00:02.254269,0.8097157894669853,0.09626634974866956,10,29,175,34,0.49092637006033973,0.2588212153721809,0.7752536928568161,COMPLETE
42,2.053604302783092,2025-06-21 14:09:05.038248,2025-06-21 14:09:07.168769,0 days 00:00:02.130521,0.8201088553127982,0.09581957217932836,10,31,159,36,0.49218517584631855,0.2469862860768853,0.768005361223803,COMPLETE
43,2.0618344583619104,2025-06-21 14:09:07.168769,2025-06-21 14:09:09.392207,0 days 00:00:02.223438,0.8167665120214316,0.08758689763400827,10,32,161,37,0.4953042112481845,0.19855796489475774,0.7662141042961512,COMPLETE
44,2.237627693751579,2025-06-21 14:09:09.392207,2025-06-21 14:09:10.692770,0 days 00:00:01.300563,0.8546668388358819,0.07926185191107087,3,31,148,39,0.45470037865856083,0.2560948381909596,0.8105506738693887,COMPLETE
45,2.0578637692668664,2025-06-21 14:09:10.693769,2025-06-21 14:09:12.735326,0 days 00:00:02.041557,0.7503419157204748,0.09668382075485366,10,35,155,36,0.4996949020729006,0.0681093764218142,0.7654840291414821,COMPLETE
46,2.0959823845792873,2025-06-21 14:09:12.735326,2025-06-21 14:09:14.729883,0 days 00:00:01.994557,0.8078570954557889,0.08761677635434328,5,30,183,45,0.3853707608118149,0.26581146442573444,0.7961411837480314,COMPLETE
47,2.0555174529834312,2025-06-21 14:09:14.729883,2025-06-21 14:09:16.667880,0 days 00:00:01.937997,0.7852734729481466,0.09988726413476905,8,26,142,39,0.4398550077239787,0.21854513974691847,0.9410892098650333,COMPLETE
48,2.179005883839295,2025-06-21 14:09:16.667880,2025-06-21 14:09:18.852304,0 days 00:00:02.184424,0.8719594175995544,0.03877543314483912,9,38,154,31,0.33457865626756317,0.17220889600144462,0.7400271371040366,COMPLETE
49,2.057574991878136,2025-06-21 14:09:18.852304,2025-06-21 14:09:20.881108,0 days 00:00:02.028804,0.8408578945562194,0.09588229671262899,10,34,127,42,0.47712957912723436,0.3676225445193438,0.8265151189590058,COMPLETE
50,2.1275313142980905,2025-06-21 14:09:20.881108,2025-06-21 14:09:22.991499,0 days 00:00:02.110391,0.7309620032624428,0.05078349714810159,8,33,164,36,0.47409011559079084,0.2462616512066013,0.8706541291253129,COMPLETE
51,2.0540013716925967,2025-06-21 14:09:22.993735,2025-06-21 14:09:25.171009,0 days 00:00:02.177274,0.7722320052449854,0.09031061272547136,10,30,172,35,0.4137832231311436,0.2410138346794474,0.9000696494832245,COMPLETE
52,2.1127675702992454,2025-06-21 14:09:25.171009,2025-06-21 14:09:26.755809,0 days 00:00:01.584800,0.7689953623376334,0.08914550769912626,10,30,101,35,0.42854971364959815,0.2637009991669111,0.9147369679345511,COMPLETE
53,2.063097859437606,2025-06-21 14:09:26.755809,2025-06-21 14:09:29.034367,0 days 00:00:02.278558,0.8036420061989726,0.09142500940346673,10,30,170,33,0.32078089902647833,0.32791462658895465,0.8877193976920448,COMPLETE
54,2.036241562285673,2025-06-21 14:09:29.036372,2025-06-21 14:09:31.275649,0 days 00:00:02.239277,0.7759832731728205,0.09670899420753619,10,28,180,38,0.36365955213269296,0.20996491319400873,0.7790584631950067,COMPLETE
55,2.0299606540807855,2025-06-21 14:09:31.285716,2025-06-21 14:09:33.546345,0 days 00:00:02.260629,0.7460937935284769,0.09698613681311431,9,28,184,40,0.37091113355105354,0.18638336945701517,0.7807243683434164,COMPLETE
56,2.0235353571815327,2025-06-21 14:09:33.546345,2025-06-21 14:09:35.832231,0 days 00:00:02.285886,0.7497670743676064,0.09952078229081789,9,26,186,41,0.35791397555323445,0.1853610566023433,0.7841319728645251,COMPLETE
57,2.0252680215139156,2025-06-21 14:09:35.832231,2025-06-21 14:09:38.129074,0 days 00:00:02.296843,0.7404564857019797,0.09956984064078507,9,26,185,41,0.3655449481904379,0.1512447422107799,0.8069324453523743,COMPLETE
58,2.012164747500271,2025-06-21 14:09:38.129074,2025-06-21 14:09:40.438838,0 days 00:00:02.309764,0.7442492666937036,0.09992951152486029,8,26,185,47,0.35660375312322723,0.10338805611608654,0.8021104485973589,COMPLETE
59,2.0075804064541747,2025-06-21 14:09:40.440841,2025-06-21 14:09:42.832094,0 days 00:00:02.391253,0.7354540476371049,0.09913024862021522,8,26,186,50,0.35733485739211185,0.08931319756738862,0.8071179472427743,COMPLETE
60,2.0036819117063134,2025-06-21 14:09:42.832094,2025-06-21 14:09:45.315333,0 days 00:00:02.483239,0.7331973191995514,0.09991107509929299,8,26,202,50,0.352574283741688,0.0025112377393526897,0.8054135608060479,COMPLETE
61,2.0010107208605565,2025-06-21 14:09:45.325599,2025-06-21 14:09:47.800843,0 days 00:00:02.475244,0.7326252904837126,0.09996895789132583,8,26,201,50,0.35422494554574224,0.010940346451628346,0.8068186152452519,COMPLETE
62,2.0111179294661228,2025-06-21 14:09:47.802854,2025-06-21 14:09:50.137457,0 days 00:00:02.334603,0.7321078746617905,0.09906289937496675,8,26,184,50,0.3534883535217492,0.00263204832692698,0.8046403570828115,COMPLETE
63,2.0067140742879834,2025-06-21 14:09:50.144252,2025-06-21 14:09:52.590285,0 days 00:00:02.446033,0.7205664516859852,0.0994930315561994,8,26,202,50,0.34367849954317814,0.006373817079496223,0.8086445339316009,COMPLETE
64,2.0080496697108616,2025-06-21 14:09:52.592290,2025-06-21 14:09:54.895585,0 days 00:00:02.303295,0.7138029289408938,0.09884494691569477,7,26,202,50,0.3451145101464241,0.006143408756000384,0.8300530877335813,COMPLETE
65,2.1391546041944918,2025-06-21 14:09:54.895585,2025-06-21 14:09:57.508088,0 days 00:00:02.612503,0.7128855404323989,0.03133715131591004,7,25,203,50,0.34211895822287264,0.005186385701090137,0.8284284058091044,COMPLETE
66,2.0133920514023753,2025-06-21 14:09:57.508088,2025-06-21 14:10:00.025064,0 days 00:00:02.516976,0.6595363825528333,0.0930292832512954,8,24,202,48,0.3126295267677402,0.04522678501425387,0.8234937628552852,COMPLETE
67,1.9963902826408693,2025-06-21 14:10:00.025064,2025-06-21 14:10:02.719075,0 days 00:00:02.694011,0.7166528753547177,0.09982416450039361,7,26,215,48,0.3887899811662602,0.002952402733542983,0.8014494244105566,COMPLETE
68,2.022524636320976,2025-06-21 14:10:02.719075,2025-06-21 14:10:05.113604,0 days 00:00:02.394529,0.7182925736285211,0.08651904853619888,6,27,218,50,0.38804062122880156,0.0032120312691024397,0.8414144570533207,COMPLETE
69,2.0042955636573656,2025-06-21 14:10:05.113604,2025-06-21 14:10:07.533914,0 days 00:00:02.420310,0.662884263315612,0.09191627927158014,7,25,225,48,0.3398768726308529,0.027834765064166093,0.7524001666135182,COMPLETE
70,2.043352705483161,2025-06-21 14:10:07.533914,2025-06-21 14:10:10.128122,0 days 00:00:02.594208,0.6228406346002703,0.06155316898904566,7,25,235,48,0.3244371658419109,0.027164864206997142,0.7576606573919277,COMPLETE
71,2.0071833375446704,2025-06-21 14:10:10.128122,2025-06-21 14:10:12.527732,0 days 00:00:02.399610,0.6690101405668281,0.09187532959201376,7,25,210,49,0.3444709421769779,0.018159765373129542,0.8168174766200752,COMPLETE
72,2.003754106053496,2025-06-21 14:10:12.527732,2025-06-21 14:10:14.990595,0 days 00:00:02.462863,0.658669860022892,0.09230475775952361,7,24,225,49,0.3436298410514864,0.05564578291419806,0.8182642242371574,COMPLETE
73,2.0167129913727755,2025-06-21 14:10:14.992900,2025-06-21 14:10:17.323562,0 days 00:00:02.330662,0.6597488199746618,0.09217844687841362,6,24,229,48,0.3822021828062836,0.06581060113701757,0.7926316959904844,COMPLETE
74,2.0197451539544455,2025-06-21 14:10:17.323562,2025-06-21 14:10:19.640946,0 days 00:00:02.317384,0.6740664400705262,0.08560599211092823,7,21,211,46,0.3069883691975722,0.03198746789318902,0.8575667294098503,COMPLETE
75,2.015269104429123,2025-06-21 14:10:19.640946,2025-06-21 14:10:22.000311,0 days 00:00:02.359365,0.6372929701697565,0.08168851117239907,7,24,221,49,0.39777718236359283,0.05424810323330476,0.7293355289539833,COMPLETE
76,2.0036458145327223,2025-06-21 14:10:22.000311,2025-06-21 14:10:24.459858,0 days 00:00:02.459547,0.6445578965925106,0.09304727293805866,7,25,240,47,0.33111045068315076,0.02007157792555488,0.8369088968473114,COMPLETE
77,2.010179402952749,2025-06-21 14:10:24.461861,2025-06-21 14:10:26.786013,0 days 00:00:02.324152,0.64169935812552,0.09289161605405452,6,25,247,47,0.37494355637029697,0.02166852035710599,0.8204026107560793,COMPLETE
78,2.024365592174133,2025-06-21 14:10:26.786013,2025-06-21 14:10:29.063095,0 days 00:00:02.277082,0.6105522793305176,0.08969616349293745,6,23,239,44,0.3051062787346256,0.01970876906175778,0.6957771595712754,COMPLETE
79,2.0173627404974193,2025-06-21 14:10:29.063095,2025-06-21 14:10:31.630461,0 days 00:00:02.567366,0.6895952086026037,0.0842046019604447,7,25,229,49,0.2704421558134129,0.047524753359965595,0.8361878406939757,COMPLETE
80,2.033425982745551,2025-06-21 14:10:31.630977,2025-06-21 14:10:34.193823,0 days 00:00:02.562846,0.645984669637281,0.07101866430275627,7,21,240,47,0.40269226423680765,0.05826060339048242,0.7962429717451935,COMPLETE
81,2.0027794823665306,2025-06-21 14:10:34.193823,2025-06-21 14:10:36.661355,0 days 00:00:02.467532,0.6717474849200175,0.09398341102728648,8,27,214,49,0.3317360231240482,0.08349494396163638,0.8139270908012475,COMPLETE
82,2.0002887773887306,2025-06-21 14:10:36.661355,2025-06-21 14:10:39.096607,0 days 00:00:02.435252,0.6719751349703882,0.09388293723081123,7,27,224,49,0.32986813937946463,0.036599347032787825,0.8517172266710482,COMPLETE
83,2.007941378190088,2025-06-21 14:10:39.096607,2025-06-21 14:10:41.598450,0 days 00:00:02.501843,0.7033131585335024,0.09431065260661982,8,27,224,45,0.3213782435672581,0.03823216132227862,0.8536746820180704,COMPLETE
84,2.001155109554922,2025-06-21 14:10:41.598450,2025-06-21 14:10:44.023153,0 days 00:00:02.424703,0.6820510072110326,0.09728443742018142,8,27,213,48,0.33405473710088124,0.08146551797769114,0.8689783482538979,COMPLETE
85,2.0053423816915137,2025-06-21 14:10:44.023153,2025-06-21 14:10:46.285357,0 days 00:00:02.262204,0.6497916971181861,0.09703349951571776,7,27,217,46,0.27429267343098523,0.0819058322269862,0.876250037111883,COMPLETE
86,2.007941378190088,2025-06-21 14:10:46.285357,2025-06-21 14:10:48.852660,0 days 00:00:02.567303,0.6841158527638814,0.08774959074215237,8,28,226,48,0.24996287713402315,0.0983119683552332,0.8497070450156652,COMPLETE
87,2.0303938201638814,2025-06-21 14:10:48.854424,2025-06-21 14:10:51.140977,0 days 00:00:02.286553,0.6264011511015142,0.07758371537433253,7,27,215,47,0.3313120339373466,0.11727118430009582,0.8644286549108889,COMPLETE
88,2.021225138071689,2025-06-21 14:10:51.140977,2025-06-21 14:10:53.365083,0 days 00:00:02.224106,0.6746994105555729,0.09489152734645587,6,24,221,45,0.31201195626989553,0.06713735912585089,0.970668796941125,COMPLETE
89,2.2112767570299248,2025-06-21 14:10:53.367091,2025-06-21 14:10:56.776582,0 days 00:00:03.409491,0.7040462720636954,0.01595430779367773,8,28,250,49,0.2977337241825819,0.03874711407082129,0.8865479533898211,COMPLETE
90,1.9993502508753564,2025-06-21 14:10:56.776582,2025-06-21 14:10:59.295015,0 days 00:00:02.518433,0.6528151593397279,0.09084079395373644,7,24,236,48,0.3730352458170779,0.07615028520740824,0.8377967568833683,COMPLETE
91,2.0042955636573656,2025-06-21 14:10:59.295015,2025-06-21 14:11:01.824409,0 days 00:00:02.529394,0.6529423566299813,0.09047445512415304,7,24,235,48,0.33105167877580094,0.07361027205277276,0.8346214122204074,COMPLETE
92,1.9961736995993213,2025-06-21 14:11:01.824409,2025-06-21 14:11:04.228526,0 days 00:00:02.404117,0.6309365160979108,0.09733956047407549,7,22,239,49,0.37733127262164357,0.12055428814285107,0.8649596041697463,COMPLETE
93,1.996354185467278,2025-06-21 14:11:04.228526,2025-06-21 14:11:06.637532,0 days 00:00:02.409006,0.6006832046038947,0.09661367929375922,7,22,241,49,0.37179332117165365,0.11684918954240613,0.8459373732907198,COMPLETE
94,1.9965346713352345,2025-06-21 14:11:06.637532,2025-06-21 14:11:09.376394,0 days 00:00:02.738862,0.6131454936589926,0.09711822230327855,8,22,243,46,0.4235332188697535,0.12090611753368656,0.8684679191151703,COMPLETE
95,1.9977980724109303,2025-06-21 14:11:09.376394,2025-06-21 14:11:12.551793,0 days 00:00:03.175399,0.6026073004781762,0.09742483851338628,7,21,242,46,0.4249127738490902,0.12125193096557525,0.8645515898860248,COMPLETE
96,2.0111179294661228,2025-06-21 14:11:12.551793,2025-06-21 14:11:16.166500,0 days 00:00:03.614707,0.6037182998088378,0.09722452364387124,6,21,236,45,0.42681303055704123,0.12326747354428613,0.8671427876180369,COMPLETE
97,1.99061473486626,2025-06-21 14:11:16.167496,2025-06-21 14:11:18.683628,0 days 00:00:02.516132,0.6117633691587645,0.09751697313312313,8,22,243,46,0.37793525252827986,0.09007918905193445,0.9124384941478436,COMPLETE
98,2.060859834674945,2025-06-21 14:11:18.683628,2025-06-21 14:11:20.556337,0 days 00:00:01.872709,0.6117115199152126,0.09813863674584711,5,22,243,44,0.4067154939445664,0.13908955852893057,0.9230968617713274,COMPLETE
