number,value,datetime_start,datetime_complete,duration,params_colsample_bytree,params_learning_rate,params_max_depth,params_min_child_samples,params_n_estimators,params_num_leaves,params_reg_alpha,params_reg_lambda,params_subsample,state
98,0.285554813518762,2025-06-21 21:33:51.793612,2025-06-21 21:33:56.146070,0 days 00:00:04.352458,0.7292980197417989,0.18744719998557988,13,11,783,229,0.34025716058302435,0.8430831539958802,0.7457793241335413,COMPLETE
99,0.27803106820271706,2025-06-21 21:33:56.147061,2025-06-21 21:34:01.929900,0 days 00:00:05.782839,0.9909797154321877,0.14584236186323624,12,9,941,238,0.518336959146086,0.7965085403489887,0.8065379337365421,COMPLETE
