number,value,datetime_start,datetime_complete,duration,params_colsample_bytree,params_learning_rate,params_max_depth,params_min_child_samples,params_n_estimators,params_num_leaves,params_reg_alpha,params_reg_lambda,params_subsample,state
0,2.139804353319135,2025-06-21 01:03:40.010182,2025-06-21 01:03:42.048317,0 days 00:00:02.038135,0.7666119191522478,0.06564530197205669,6,39,113,45,0.14309730529091996,0.21309460766683186,0.8346192247581925,COMPLETE
1,2.155073457748258,2025-06-21 01:03:42.048317,2025-06-21 01:03:43.893132,0 days 00:00:01.844815,0.6999215714584412,0.07813174013478913,4,35,196,43,0.3497006159170106,0.313694977258596,0.9620299341840255,COMPLETE
2,2.5044580009385267,2025-06-21 01:03:43.893132,2025-06-21 01:03:45.241214,0 days 00:00:01.348082,0.7941398037476995,0.012887521401097496,3,34,124,21,0.227166266666466,0.2903791764954807,0.9110578555889026,COMPLETE
3,2.1680323430675377,2025-06-21 01:03:45.247293,2025-06-21 01:03:47.394020,0 days 00:00:02.146727,0.9298078448693453,0.07046133912233875,4,34,187,32,0.31222736013411967,0.12981317268822207,0.8816612701705162,COMPLETE
4,2.2624986463559904,2025-06-21 01:03:47.394020,2025-06-21 01:03:49.556722,0 days 00:00:02.162702,0.7614309960364776,0.026166710295311993,5,20,159,48,0.48944731812967524,0.11775949667028712,0.7951733093656046,COMPLETE
5,2.06320615095838,2025-06-21 01:03:49.556722,2025-06-21 01:03:52.448928,0 days 00:00:02.892206,0.7576099047991256,0.07897728948841697,10,35,187,35,0.22469447878429355,0.1437591628316538,0.962007224619551,COMPLETE
6,2.131682489261091,2025-06-21 01:03:52.448928,2025-06-21 01:03:54.426101,0 days 00:00:01.977173,0.7615837503860763,0.08948262970047445,8,24,106,27,0.011411738703688945,0.47471278415430296,0.7077643013112795,COMPLETE
7,2.000685846298235,2025-06-21 01:03:54.426101,2025-06-21 01:03:57.541264,0 days 00:00:03.115163,0.723461949426619,0.09881349259801869,6,22,244,49,0.11747513807083337,0.034383026111177495,0.6184668134048481,COMPLETE
8,2.2884525141681404,2025-06-21 01:03:57.541264,2025-06-21 01:03:59.935273,0 days 00:00:02.394009,0.7028234892855514,0.020235141252094798,7,33,142,39,0.03894653056911601,0.047616082097768686,0.9003436285046372,COMPLETE
9,2.0833483738223295,2025-06-21 01:03:59.937276,2025-06-21 01:04:02.124252,0 days 00:00:02.186976,0.8165633912532715,0.09635544945553288,9,38,116,39,0.2590057989927058,0.36321407752303936,0.8652366933916087,COMPLETE
10,2.071039237627694,2025-06-21 01:04:02.124252,2025-06-21 01:04:05.483590,0 days 00:00:03.359338,0.6295835224097857,0.04382339462782206,7,27,247,50,0.129119847554034,0.02174418616854634,0.6012743723550413,COMPLETE
11,2.026278742374472,2025-06-21 01:04:05.485594,2025-06-21 01:04:08.963066,0 days 00:00:03.477472,0.880113414938876,0.09721419435332898,10,28,230,33,0.14971160010867,0.15399159162676473,0.7336245586968874,COMPLETE
12,2.0409702920261346,2025-06-21 01:04:08.963066,2025-06-21 01:04:12.466221,0 days 00:00:03.503155,0.9060463883514245,0.0978620659122782,10,28,247,28,0.11990867613756509,0.2070675978717173,0.6042214638143771,COMPLETE
13,2.1180377576435765,2025-06-21 01:04:12.466221,2025-06-21 01:04:15.302226,0 days 00:00:02.836005,0.8630278807636225,0.0495085342814256,6,20,219,31,0.07614484084704554,0.000812523525924258,0.6891952111103247,COMPLETE
14,2.0375049633613687,2025-06-21 01:04:15.302226,2025-06-21 01:04:18.561443,0 days 00:00:03.259217,0.9985805207894872,0.0816952996404936,8,24,218,39,0.17092360486420058,0.08683542428213573,0.7249669786328597,COMPLETE
15,2.1187597011154025,2025-06-21 01:04:18.561443,2025-06-21 01:04:20.832115,0 days 00:00:02.270672,0.6072281601501353,0.060732107008956725,8,24,224,20,0.06213486750923104,0.1760554274443959,0.6584255064396134,COMPLETE
16,2.0566003681911704,2025-06-21 01:04:20.832115,2025-06-21 01:04:23.595578,0 days 00:00:02.763463,0.847669185838966,0.0997752085180126,5,30,234,43,0.1915622069468446,0.06709143802874892,0.7640796798664776,COMPLETE
17,2.0736021369526765,2025-06-21 01:04:23.595578,2025-06-21 01:04:26.101774,0 days 00:00:02.506196,0.6816286806198228,0.08736347884550823,9,26,210,25,0.3869272714758318,0.2580580512217561,0.6543281057661213,COMPLETE
18,2.2022524636320977,2025-06-21 01:04:26.101774,2025-06-21 01:04:28.674950,0 days 00:00:02.573176,0.9578538556353087,0.037629178014894155,5,30,161,35,0.09747303828798773,0.4016562331569231,0.7632297639858299,COMPLETE
19,2.0681875609139806,2025-06-21 01:04:28.674950,2025-06-21 01:04:31.861204,0 days 00:00:03.186254,0.8666348160655046,0.06961196349276741,9,22,204,32,0.27642283620438357,0.0914084279076573,0.6485237688254127,COMPLETE
20,2.0347976753420207,2025-06-21 01:04:31.861204,2025-06-21 01:04:34.550410,0 days 00:00:02.689206,0.6453217804736637,0.09033589844591769,7,22,232,37,0.17354208463151152,0.16312383854564735,0.7368742069567975,COMPLETE
21,2.0349059668627945,2025-06-21 01:04:34.550410,2025-06-21 01:04:37.326896,0 days 00:00:02.776486,0.6536223930282326,0.08878122350995026,7,22,236,36,0.1807897264372454,0.18073741401967805,0.7498512339049345,COMPLETE
22,2.01104573511894,2025-06-21 01:04:37.326896,2025-06-21 01:04:40.432801,0 days 00:00:03.105905,0.7299838046549372,0.09208609029699405,6,22,250,46,0.15503395378385906,0.2426108875510095,0.8104974940573048,COMPLETE
23,2.0178681009276973,2025-06-21 01:04:40.432801,2025-06-21 01:04:43.536126,0 days 00:00:03.103325,0.7283338135536149,0.08133632622049618,6,26,249,47,0.09854439101607426,0.24911888041613037,0.7998610787004299,COMPLETE
24,2.032704039273725,2025-06-21 01:04:43.536126,2025-06-21 01:04:46.354245,0 days 00:00:02.818119,0.7169370151541996,0.07522386974455308,6,25,249,47,0.002226450764491919,0.359011714408496,0.8085346625992682,COMPLETE
25,2.0746850521604157,2025-06-21 01:04:46.356032,2025-06-21 01:04:49.072383,0 days 00:00:02.716351,0.7321572909116164,0.08320028822262306,5,22,240,50,0.10578672524465199,0.2518824209243088,0.8474083742862297,COMPLETE
26,2.066635382449554,2025-06-21 01:04:49.072383,2025-06-21 01:04:52.443156,0 days 00:00:03.370773,0.8022619542234293,0.05858581190171342,6,20,250,43,0.05334785633694142,0.4358342801265114,0.8147734161563194,COMPLETE
27,2.1357614698769085,2025-06-21 01:04:52.443156,2025-06-21 01:04:54.349363,0 days 00:00:01.906207,0.6783118450663193,0.09219247834558406,4,23,208,46,0.09614806623095001,0.30307562383804154,0.943602364218804,COMPLETE
28,2.071291917842833,2025-06-21 01:04:54.349363,2025-06-21 01:04:56.824395,0 days 00:00:02.475032,0.7268900774189561,0.08346337410220786,6,30,169,41,0.20867204027939307,0.3473417690696387,0.7904248986169702,COMPLETE
29,2.1029852362560013,2025-06-21 01:04:56.824395,2025-06-21 01:04:59.371055,0 days 00:00:02.546660,0.7453259959146492,0.06634929256246488,5,26,222,45,0.14821842575232924,0.24382891172279061,0.8330034197403842,COMPLETE
30,2.1961159441215754,2025-06-21 01:04:59.371055,2025-06-21 01:05:01.516749,0 days 00:00:02.145694,0.7791916803603118,0.073901528448849,3,21,241,48,0.14670093792038003,0.20023689396943667,0.6842848608069623,COMPLETE
31,2.0062809082048876,2025-06-21 01:05:01.516749,2025-06-21 01:05:04.809480,0 days 00:00:03.292731,0.8310556581555941,0.09514778560177375,7,28,227,45,0.14649340092761426,0.2328410019325173,0.7749312192143117,COMPLETE
32,2.0153412987763057,2025-06-21 01:05:04.810486,2025-06-21 01:05:07.696432,0 days 00:00:02.885946,0.6803263692700121,0.09217432851497392,7,28,228,44,0.03248116587284115,0.23882749213009788,0.7760831751160286,COMPLETE
33,2.0289138360466374,2025-06-21 01:05:07.698435,2025-06-21 01:05:10.586336,0 days 00:00:02.887901,0.8161695527302313,0.09371837378919982,7,32,196,44,0.03752712506326902,0.28123700087491876,0.77517790046958,COMPLETE
34,2.022741219362524,2025-06-21 01:05:10.586336,2025-06-21 01:05:13.525979,0 days 00:00:02.939643,0.6818422694196833,0.08664652271959251,8,29,227,41,0.07195717588671724,0.3190143304667383,0.9972670572986003,COMPLETE
35,2.0006497491246433,2025-06-21 01:05:13.530687,2025-06-21 01:05:16.528127,0 days 00:00:02.997440,0.8287980164022487,0.09977207069884914,7,32,239,42,0.02940044414016786,0.22542091712114118,0.8308867072425654,COMPLETE
36,2.0094574594809225,2025-06-21 01:05:16.528127,2025-06-21 01:05:19.504901,0 days 00:00:02.976774,0.8389026951300279,0.0994144044043636,6,40,239,49,0.29193637160886776,0.21737887812782097,0.8332008985475136,COMPLETE
37,2.12724253690936,2025-06-21 01:05:19.504901,2025-06-21 01:05:21.577420,0 days 00:00:02.072519,0.8332851408036182,0.09934288622080688,4,40,214,49,0.34814367531917717,0.10442174069217675,0.8827132486551656,COMPLETE
38,2.051366278020431,2025-06-21 01:05:21.580781,2025-06-21 01:05:24.537046,0 days 00:00:02.956265,0.7856270354953608,0.07640756170002427,8,37,184,41,0.30520440344060984,0.13695753177055212,0.8394083456886596,COMPLETE
39,2.008807710356279,2025-06-21 01:05:24.546987,2025-06-21 01:05:27.928451,0 days 00:00:03.381464,0.9194414063862469,0.09510217816832672,7,36,201,48,0.38171506538463107,0.2782150459280318,0.924586999221842,COMPLETE
40,2.032234776017038,2025-06-21 01:05:27.928451,2025-06-21 01:05:31.179478,0 days 00:00:03.251027,0.9305697170506404,0.08607932677346772,7,36,201,42,0.48230612757995334,0.3277118522009216,0.9101561856106181,COMPLETE
41,2.006172616684114,2025-06-21 01:05:31.183605,2025-06-21 01:05:34.584313,0 days 00:00:03.400708,0.8917805279464592,0.09538436073612848,6,39,240,48,0.4443885596864111,0.2879338289588541,0.8748006915115473,COMPLETE
42,2.014438869436523,2025-06-21 01:05:34.584313,2025-06-21 01:05:37.761118,0 days 00:00:03.176805,0.8945713344275418,0.09424893779269108,7,38,196,48,0.44347765931364874,0.29295565004332835,0.9402385565871253,COMPLETE
43,2.0072194347182615,2025-06-21 01:05:37.761673,2025-06-21 01:05:41.222816,0 days 00:00:03.461143,0.9251687422786543,0.09387502017586792,8,35,215,46,0.3956723985726028,0.3990724028178046,0.8907119854337151,COMPLETE
44,2.1942749882684187,2025-06-21 01:05:41.222816,2025-06-21 01:05:44.155142,0 days 00:00:02.932326,0.9528502210996846,0.03181111680745356,8,33,140,45,0.4513775293313873,0.46947456698637147,0.8731181142798986,COMPLETE
45,1.976428545644876,2025-06-21 01:05:44.155142,2025-06-21 01:05:47.701428,0 days 00:00:03.546286,0.8909116094388775,0.09600415147590391,9,34,240,50,0.409394252178588,0.3895884170627424,0.8613911854287752,COMPLETE
46,1.9937551889687037,2025-06-21 01:05:47.701428,2025-06-21 01:05:51.349169,0 days 00:00:03.647741,0.8868962363881477,0.08631429318301914,9,32,238,49,0.24000657017096344,0.40021848199176924,0.8583718119763534,COMPLETE
47,2.0013716925964697,2025-06-21 01:05:51.349169,2025-06-21 01:05:55.251500,0 days 00:00:03.902331,0.8749881511024588,0.07869414671324304,9,31,241,50,0.23624534150253151,0.3971027790678528,0.8707716694082493,COMPLETE
48,2.274771685377035,2025-06-21 01:05:55.251500,2025-06-21 01:06:00.222121,0 days 00:00:04.970621,0.8572606154889123,0.011257079175175905,9,32,243,50,0.23962069541734382,0.4080341262135753,0.8615340369424207,COMPLETE
49,2.0020575388947046,2025-06-21 01:06:00.222121,2025-06-21 01:06:04.318278,0 days 00:00:04.096157,0.8802637208735911,0.07776648249973984,10,31,233,50,0.3410382861074264,0.4419336541684442,0.8551413305346801,COMPLETE
